Command line invocation:
    /Applications/Xcode.app/Contents/Developer/usr/bin/xcodebuild -project Vivacity.xcodeproj -scheme Vivacity -configuration Debug build

--- xcodebuild: WARNING: Using the first of multiple matching destinations:
{ platform:macOS, arch:arm64, id:00006000-000048C10ED8801E, name:My Mac }
{ platform:macOS, arch:x86_64, id:00006000-000048C10ED8801E, name:My Mac }
{ platform:macOS, name:Any Mac }
ComputePackagePrebuildTargetDependencyGraph

Prepare packages

CreateBuildRequest

SendProjectDescription

CreateBuildOperation

ComputeTargetDependencyGraph
note: Building targets in dependency order
note: Target dependency graph (1 target)
    Target 'Vivacity' in project 'Vivacity' (no dependencies)

GatherProvisioningInputs

CreateBuildDescription

ClangStatCache /Applications/Xcode.app/Contents/Developer/Toolchains/XcodeDefault.xctoolchain/usr/bin/clang-stat-cache /Applications/Xcode.app/Contents/Developer/Platforms/MacOSX.platform/Developer/SDKs/MacOSX26.2.sdk /Users/joao/Library/Developer/Xcode/DerivedData/SDKStatCaches.noindex/macosx26.2-25C57-00fa09913b459cbbc988d1f6730289ae.sdkstatcache
    cd /Users/joao/Work/Vivacity/Vivacity.xcodeproj
    /Applications/Xcode.app/Contents/Developer/Toolchains/XcodeDefault.xctoolchain/usr/bin/clang-stat-cache /Applications/Xcode.app/Contents/Developer/Platforms/MacOSX.platform/Developer/SDKs/MacOSX26.2.sdk -o /Users/joao/Library/Developer/Xcode/DerivedData/SDKStatCaches.noindex/macosx26.2-25C57-00fa09913b459cbbc988d1f6730289ae.sdkstatcache

SwiftDriver Vivacity normal arm64 com.apple.xcode.tools.swift.compiler (in target 'Vivacity' from project 'Vivacity')
    cd /Users/joao/Work/Vivacity
    builtin-SwiftDriver -- /Applications/Xcode.app/Contents/Developer/Toolchains/XcodeDefault.xctoolchain/usr/bin/swiftc -module-name Vivacity -Onone -enforce-exclusivity\=checked @/Users/joao/Library/Developer/Xcode/DerivedData/Vivacity-byrmcuonzwslkedovayvzrywcvty/Build/Intermediates.noindex/Vivacity.build/Debug/Vivacity.build/Objects-normal/arm64/Vivacity.SwiftFileList -DDEBUG -enable-bare-slash-regex -enable-experimental-feature DebugDescriptionMacro -sdk /Applications/Xcode.app/Contents/Developer/Platforms/MacOSX.platform/Developer/SDKs/MacOSX26.2.sdk -target arm64-apple-macos14.0 -g -module-cache-path /Users/joao/Library/Developer/Xcode/DerivedData/ModuleCache.noindex -Xfrontend -serialize-debugging-options -enable-testing -index-store-path /Users/joao/Library/Developer/Xcode/DerivedData/Vivacity-byrmcuonzwslkedovayvzrywcvty/Index.noindex/DataStore -Xcc -D_LIBCPP_HARDENING_MODE\=_LIBCPP_HARDENING_MODE_DEBUG -swift-version 5 -I /Users/joao/Library/Developer/Xcode/DerivedData/Vivacity-byrmcuonzwslkedovayvzrywcvty/Build/Products/Debug -F /Users/joao/Library/Developer/Xcode/DerivedData/Vivacity-byrmcuonzwslkedovayvzrywcvty/Build/Products/Debug -emit-localized-strings -emit-localized-strings-path /Users/joao/Library/Developer/Xcode/DerivedData/Vivacity-byrmcuonzwslkedovayvzrywcvty/Build/Intermediates.noindex/Vivacity.build/Debug/Vivacity.build/Objects-normal/arm64 -c -j10 -enable-batch-mode -incremental -Xcc -ivfsstatcache -Xcc /Users/joao/Library/Developer/Xcode/DerivedData/SDKStatCaches.noindex/macosx26.2-25C57-00fa09913b459cbbc988d1f6730289ae.sdkstatcache -output-file-map /Users/joao/Library/Developer/Xcode/DerivedData/Vivacity-byrmcuonzwslkedovayvzrywcvty/Build/Intermediates.noindex/Vivacity.build/Debug/Vivacity.build/Objects-normal/arm64/Vivacity-OutputFileMap.json -use-frontend-parseable-output -save-temps -no-color-diagnostics -explicit-module-build -module-cache-path /Users/joao/Library/Developer/Xcode/DerivedData/Vivacity-byrmcuonzwslkedovayvzrywcvty/Build/Intermediates.noindex/SwiftExplicitPrecompiledModules -clang-scanner-module-cache-path /Users/joao/Library/Developer/Xcode/DerivedData/ModuleCache.noindex -sdk-module-cache-path /Users/joao/Library/Developer/Xcode/DerivedData/ModuleCache.noindex -serialize-diagnostics -emit-dependencies -emit-module -emit-module-path /Users/joao/Library/Developer/Xcode/DerivedData/Vivacity-byrmcuonzwslkedovayvzrywcvty/Build/Intermediates.noindex/Vivacity.build/Debug/Vivacity.build/Objects-normal/arm64/Vivacity.swiftmodule -validate-clang-modules-once -clang-build-session-file /Users/joao/Library/Developer/Xcode/DerivedData/ModuleCache.noindex/Session.modulevalidation -Xcc -I/Users/joao/Library/Developer/Xcode/DerivedData/Vivacity-byrmcuonzwslkedovayvzrywcvty/Build/Intermediates.noindex/Vivacity.build/Debug/Vivacity.build/swift-overrides.hmap -emit-const-values -Xfrontend -const-gather-protocols-file -Xfrontend /Users/joao/Library/Developer/Xcode/DerivedData/Vivacity-byrmcuonzwslkedovayvzrywcvty/Build/Intermediates.noindex/Vivacity.build/Debug/Vivacity.build/Objects-normal/arm64/Vivacity_const_extract_protocols.json -Xcc -iquote -Xcc /Users/joao/Library/Developer/Xcode/DerivedData/Vivacity-byrmcuonzwslkedovayvzrywcvty/Build/Intermediates.noindex/Vivacity.build/Debug/Vivacity.build/Vivacity-generated-files.hmap -Xcc -I/Users/joao/Library/Developer/Xcode/DerivedData/Vivacity-byrmcuonzwslkedovayvzrywcvty/Build/Intermediates.noindex/Vivacity.build/Debug/Vivacity.build/Vivacity-own-target-headers.hmap -Xcc -I/Users/joao/Library/Developer/Xcode/DerivedData/Vivacity-byrmcuonzwslkedovayvzrywcvty/Build/Intermediates.noindex/Vivacity.build/Debug/Vivacity.build/Vivacity-all-target-headers.hmap -Xcc -iquote -Xcc /Users/joao/Library/Developer/Xcode/DerivedData/Vivacity-byrmcuonzwslkedovayvzrywcvty/Build/Intermediates.noindex/Vivacity.build/Debug/Vivacity.build/Vivacity-project-headers.hmap -Xcc -I/Users/joao/Library/Developer/Xcode/DerivedData/Vivacity-byrmcuonzwslkedovayvzrywcvty/Build/Products/Debug/include -Xcc -I/Users/joao/Library/Developer/Xcode/DerivedData/Vivacity-byrmcuonzwslkedovayvzrywcvty/Build/Intermediates.noindex/Vivacity.build/Debug/Vivacity.build/DerivedSources-normal/arm64 -Xcc -I/Users/joao/Library/Developer/Xcode/DerivedData/Vivacity-byrmcuonzwslkedovayvzrywcvty/Build/Intermediates.noindex/Vivacity.build/Debug/Vivacity.build/DerivedSources/arm64 -Xcc -I/Users/joao/Library/Developer/Xcode/DerivedData/Vivacity-byrmcuonzwslkedovayvzrywcvty/Build/Intermediates.noindex/Vivacity.build/Debug/Vivacity.build/DerivedSources -Xcc -DDEBUG\=1 -emit-objc-header -emit-objc-header-path /Users/joao/Library/Developer/Xcode/DerivedData/Vivacity-byrmcuonzwslkedovayvzrywcvty/Build/Intermediates.noindex/Vivacity.build/Debug/Vivacity.build/Objects-normal/arm64/Vivacity-Swift.h -working-directory /Users/joao/Work/Vivacity -experimental-emit-module-separately -disable-cmo

SwiftCompile normal arm64 Compiling\ FileScanView.swift /Users/joao/Work/Vivacity/Vivacity/Views/FileScan/FileScanView.swift (in target 'Vivacity' from project 'Vivacity')

SwiftCompile normal arm64 /Users/joao/Work/Vivacity/Vivacity/Views/FileScan/FileScanView.swift (in target 'Vivacity' from project 'Vivacity')
    cd /Users/joao/Work/Vivacity
    
/Users/joao/Work/Vivacity/Vivacity/Views/FileScan/FileScanView.swift:22:17: error: cannot find 'PermissionDeniedView' in scope
                PermissionDeniedView(
                ^~~~~~~~~~~~~~~~~~~~
/Users/joao/Work/Vivacity/Vivacity/Views/FileScan/FileScanView.swift:87:27: error: cannot find 'PermissionService' in scope
        let permService = PermissionService()
                          ^~~~~~~~~~~~~~~~~
/Users/joao/Work/Vivacity/Vivacity/Views/FileScan/FileScanView.swift:100:27: error: cannot find 'PermissionService' in scope
        let permService = PermissionService()
                          ^~~~~~~~~~~~~~~~~

Failed frontend command:
/Applications/Xcode.app/Contents/Developer/Toolchains/XcodeDefault.xctoolchain/usr/bin/swift-frontend -frontend -c /Users/joao/Work/Vivacity/Vivacity/VivacityApp.swift /Users/joao/Work/Vivacity/Vivacity/ContentView.swift /Users/joao/Work/Vivacity/Vivacity/Models/StorageDevice.swift /Users/joao/Work/Vivacity/Vivacity/Services/DeviceService.swift /Users/joao/Work/Vivacity/Vivacity/ViewModels/DeviceSelectionViewModel.swift /Users/joao/Work/Vivacity/Vivacity/Views/DeviceSelection/DeviceSelectionView.swift /Users/joao/Work/Vivacity/Vivacity/Views/DeviceSelection/DeviceRow.swift /Users/joao/Work/Vivacity/Vivacity/Models/FileSignature.swift /Users/joao/Work/Vivacity/Vivacity/Models/RecoverableFile.swift /Users/joao/Work/Vivacity/Vivacity/Services/FastScanService.swift /Users/joao/Work/Vivacity/Vivacity/Services/DeepScanService.swift /Users/joao/Work/Vivacity/Vivacity/ViewModels/FileScanViewModel.swift -primary-file /Users/joao/Work/Vivacity/Vivacity/Views/FileScan/FileScanView.swift /Users/joao/Work/Vivacity/Vivacity/Views/FileScan/FilePreviewView.swift /Users/joao/Work/Vivacity/Vivacity/Views/FileScan/FileRow.swift /Users/joao/Work/Vivacity/Vivacity/Models/VolumeInfo.swift /Users/joao/Work/Vivacity/Vivacity/Services/FATDirectoryScanner.swift /Users/joao/Work/Vivacity/Vivacity/Services/EXIFDateExtractor.swift /Users/joao/Work/Vivacity/Vivacity/Services/NTFSScanner.swift /Users/joao/Work/Vivacity/Vivacity/Services/ExFATScanner.swift /Users/joao/Library/Developer/Xcode/DerivedData/Vivacity-byrmcuonzwslkedovayvzrywcvty/Build/Intermediates.noindex/Vivacity.build/Debug/Vivacity.build/DerivedSources/GeneratedAssetSymbols.swift -emit-dependencies-path /Users/joao/Library/Developer/Xcode/DerivedData/Vivacity-byrmcuonzwslkedovayvzrywcvty/Build/Intermediates.noindex/Vivacity.build/Debug/Vivacity.build/Objects-normal/arm64/FileScanView.d -emit-const-values-path /Users/joao/Library/Developer/Xcode/DerivedData/Vivacity-byrmcuonzwslkedovayvzrywcvty/Build/Intermediates.noindex/Vivacity.build/Debug/Vivacity.build/Objects-normal/arm64/FileScanView.swiftconstvalues -emit-reference-dependencies-path /Users/joao/Library/Developer/Xcode/DerivedData/Vivacity-byrmcuonzwslkedovayvzrywcvty/Build/Intermediates.noindex/Vivacity.build/Debug/Vivacity.build/Objects-normal/arm64/FileScanView.swiftdeps -serialize-diagnostics-path /Users/joao/Library/Developer/Xcode/DerivedData/Vivacity-byrmcuonzwslkedovayvzrywcvty/Build/Intermediates.noindex/Vivacity.build/Debug/Vivacity.build/Objects-normal/arm64/FileScanView.dia -emit-localized-strings -emit-localized-strings-path /Users/joao/Library/Developer/Xcode/DerivedData/Vivacity-byrmcuonzwslkedovayvzrywcvty/Build/Intermediates.noindex/Vivacity.build/Debug/Vivacity.build/Objects-normal/arm64 -target arm64-apple-macos14.0 -module-can-import-version AppKit 2685.30.107 2685.30.107 -module-can-import-version DeveloperToolsSupport 23.0.4 23.0.4 -module-can-import-version SwiftUI 7.2.5.1 7.2.5 -disable-cross-import-overlay-search -swift-module-cross-import AVKit /Applications/Xcode.app/Contents/Developer/Platforms/MacOSX.platform/Developer/SDKs/MacOSX.sdk/System/Library/Frameworks/AVKit.framework/Modules/AVKit.swiftcrossimport/SwiftUI.swiftoverlay -swift-module-cross-import AVKit /Applications/Xcode.app/Contents/Developer/Platforms/MacOSX.platform/Developer/SDKs/MacOSX26.2.sdk/System/Library/Frameworks/AVKit.framework/Modules/AVKit.swiftcrossimport/SwiftUI.swiftoverlay -swift-module-cross-import QuickLook /Applications/Xcode.app/Contents/Developer/Platforms/MacOSX.platform/Developer/SDKs/MacOSX.sdk/System/Library/Frameworks/QuickLook.framework/Modules/QuickLook.swiftcrossimport/SwiftUI.swiftoverlay -load-resolved-plugin /Applications/Xcode.app/Contents/Developer/Platforms/MacOSX.platform/Developer/usr/lib/swift/host/plugins/libFoundationMacros.dylib\#/Applications/Xcode.app/Contents/Developer/Platforms/MacOSX.platform/Developer/usr/bin/swift-plugin-server\#FoundationMacros -load-resolved-plugin /Applications/Xcode.app/Contents/Developer/Platforms/MacOSX.platform/Developer/usr/lib/swift/host/plugins/libObservationMacros.dylib\#/Applications/Xcode.app/Contents/Developer/Platforms/MacOSX.platform/Developer/usr/bin/swift-plugin-server\#ObservationMacros -load-resolved-plugin /Applications/Xcode.app/Contents/Developer/Platforms/MacOSX.platform/Developer/usr/lib/swift/host/plugins/libPreviewsMacros.dylib\#/Applications/Xcode.app/Contents/Developer/Platforms/MacOSX.platform/Developer/usr/bin/swift-plugin-server\#PreviewsMacros -load-resolved-plugin /Applications/Xcode.app/Contents/Developer/Platforms/MacOSX.platform/Developer/usr/lib/swift/host/plugins/libSwiftMacros.dylib\#/Applications/Xcode.app/Contents/Developer/Platforms/MacOSX.platform/Developer/usr/bin/swift-plugin-server\#SwiftMacros -load-resolved-plugin /Applications/Xcode.app/Contents/Developer/Platforms/MacOSX.platform/Developer/usr/lib/swift/host/plugins/libSwiftUIMacros.dylib\#/Applications/Xcode.app/Contents/Developer/Platforms/MacOSX.platform/Developer/usr/bin/swift-plugin-server\#SwiftUIMacros -disable-implicit-swift-modules -Xcc -fno-implicit-modules -Xcc -fno-implicit-module-maps -explicit-swift-module-map-file /Users/joao/Library/Developer/Xcode/DerivedData/Vivacity-byrmcuonzwslkedovayvzrywcvty/Build/Intermediates.noindex/Vivacity.build/Debug/Vivacity.build/Objects-normal/arm64/Vivacity-dependencies-1.json -Xllvm -aarch64-use-tbi -enable-objc-interop -stack-check -sdk /Applications/Xcode.app/Contents/Developer/Platforms/MacOSX.platform/Developer/SDKs/MacOSX26.2.sdk -I /Users/joao/Library/Developer/Xcode/DerivedData/Vivacity-byrmcuonzwslkedovayvzrywcvty/Build/Products/Debug -F /Users/joao/Library/Developer/Xcode/DerivedData/Vivacity-byrmcuonzwslkedovayvzrywcvty/Build/Products/Debug -no-color-diagnostics -Xcc -fno-color-diagnostics -enable-testing -g -debug-info-format\=dwarf -dwarf-version\=4 -module-cache-path /Users/joao/Library/Developer/Xcode/DerivedData/Vivacity-byrmcuonzwslkedovayvzrywcvty/Build/Intermediates.noindex/SwiftExplicitPrecompiledModules -swift-version 5 -enforce-exclusivity\=checked -Onone -D DEBUG -serialize-debugging-options -const-gather-protocols-file /Users/joao/Library/Developer/Xcode/DerivedData/Vivacity-byrmcuonzwslkedovayvzrywcvty/Build/Intermediates.noindex/Vivacity.build/Debug/Vivacity.build/Objects-normal/arm64/Vivacity_const_extract_protocols.json -enable-experimental-feature DebugDescriptionMacro -enable-bare-slash-regex -empty-abi-descriptor -validate-clang-modules-once -clang-build-session-file /Users/joao/Library/Developer/Xcode/DerivedData/ModuleCache.noindex/Session.modulevalidation -Xcc -working-directory -Xcc /Users/joao/Work/Vivacity -enable-anonymous-context-mangled-names -file-compilation-dir /Users/joao/Work/Vivacity -Xcc -D_LIBCPP_HARDENING_MODE\=_LIBCPP_HARDENING_MODE_DEBUG -Xcc -ivfsstatcache -Xcc /Users/joao/Library/Developer/Xcode/DerivedData/SDKStatCaches.noindex/macosx26.2-25C57-00fa09913b459cbbc988d1f6730289ae.sdkstatcache -Xcc -I/Users/joao/Library/Developer/Xcode/DerivedData/Vivacity-byrmcuonzwslkedovayvzrywcvty/Build/Intermediates.noindex/Vivacity.build/Debug/Vivacity.build/swift-overrides.hmap -Xcc -iquote -Xcc /Users/joao/Library/Developer/Xcode/DerivedData/Vivacity-byrmcuonzwslkedovayvzrywcvty/Build/Intermediates.noindex/Vivacity.build/Debug/Vivacity.build/Vivacity-generated-files.hmap -Xcc -I/Users/joao/Library/Developer/Xcode/DerivedData/Vivacity-byrmcuonzwslkedovayvzrywcvty/Build/Intermediates.noindex/Vivacity.build/Debug/Vivacity.build/Vivacity-own-target-headers.hmap -Xcc -I/Users/joao/Library/Developer/Xcode/DerivedData/Vivacity-byrmcuonzwslkedovayvzrywcvty/Build/Intermediates.noindex/Vivacity.build/Debug/Vivacity.build/Vivacity-all-target-headers.hmap -Xcc -iquote -Xcc /Users/joao/Library/Developer/Xcode/DerivedData/Vivacity-byrmcuonzwslkedovayvzrywcvty/Build/Intermediates.noindex/Vivacity.build/Debug/Vivacity.build/Vivacity-project-headers.hmap -Xcc -I/Users/joao/Library/Developer/Xcode/DerivedData/Vivacity-byrmcuonzwslkedovayvzrywcvty/Build/Products/Debug/include -Xcc -I/Users/joao/Library/Developer/Xcode/DerivedData/Vivacity-byrmcuonzwslkedovayvzrywcvty/Build/Intermediates.noindex/Vivacity.build/Debug/Vivacity.build/DerivedSources-normal/arm64 -Xcc -I/Users/joao/Library/Developer/Xcode/DerivedData/Vivacity-byrmcuonzwslkedovayvzrywcvty/Build/Intermediates.noindex/Vivacity.build/Debug/Vivacity.build/DerivedSources/arm64 -Xcc -I/Users/joao/Library/Developer/Xcode/DerivedData/Vivacity-byrmcuonzwslkedovayvzrywcvty/Build/Intermediates.noindex/Vivacity.build/Debug/Vivacity.build/DerivedSources -Xcc -DDEBUG\=1 -no-auto-bridging-header-chaining -module-name Vivacity -frontend-parseable-output -disable-clang-spi -target-sdk-version 26.2 -target-sdk-name macosx26.2 -clang-target arm64-apple-macos26.2 -in-process-plugin-server-path /Applications/Xcode.app/Contents/Developer/Toolchains/XcodeDefault.xctoolchain/usr/lib/swift/host/libSwiftInProcPluginServer.dylib -o /Users/joao/Library/Developer/Xcode/DerivedData/Vivacity-byrmcuonzwslkedovayvzrywcvty/Build/Intermediates.noindex/Vivacity.build/Debug/Vivacity.build/Objects-normal/arm64/FileScanView.o -index-unit-output-path /Vivacity.build/Debug/Vivacity.build/Objects-normal/arm64/FileScanView.o -index-store-path /Users/joao/Library/Developer/Xcode/DerivedData/Vivacity-byrmcuonzwslkedovayvzrywcvty/Index.noindex/DataStore -index-system-modules
SwiftEmitModule normal arm64 Emitting\ module\ for\ Vivacity (in target 'Vivacity' from project 'Vivacity')

EmitSwiftModule normal arm64 (in target 'Vivacity' from project 'Vivacity')
    cd /Users/joao/Work/Vivacity
    

** BUILD FAILED **


The following build commands failed:
	SwiftCompile normal arm64 /Users/joao/Work/Vivacity/Vivacity/Views/FileScan/FileScanView.swift (in target 'Vivacity' from project 'Vivacity')
	SwiftCompile normal arm64 Compiling\ FileScanView.swift /Users/joao/Work/Vivacity/Vivacity/Views/FileScan/FileScanView.swift (in target 'Vivacity' from project 'Vivacity')
	Building project Vivacity with scheme Vivacity and configuration Debug
(3 failures)
